<?xml version="1.0" encoding="UTF-8"?>
<!-- Generated by org.testng.reporters.JUnitXMLReporter -->
<testsuite ignored="0" hostname="DESKTOP-8ON5VQG" failures="0" tests="4" name="Test" time="0.152" errors="0" timestamp="2022-07-24T09:26:15 IST">
  <testcase classname="TestClasses.ToVerifyfb" name="testA" time="0.01"/>
  <testcase classname="TestClasses.ToVerifyfb" name="testB" time="0.005"/>
  <testcase classname="TestClasses.DuplicateClass" name="testA" time="0.002"/>
  <testcase classname="TestClasses.DuplicateClass" name="testB" time="0.004"/>
</testsuite> <!-- Test -->
