<?xml version="1.0" encoding="UTF-8"?>
<testng-results ignored="0" total="4" passed="4" failed="0" skipped="0">
  <reporter-output>
  </reporter-output>
  <suite started-at="2022-07-24T09:26:14 IST" name="Suite" finished-at="2022-07-24T09:26:14 IST" duration-ms="152">
    <groups>
    </groups>
    <test started-at="2022-07-24T09:26:14 IST" name="Test" finished-at="2022-07-24T09:26:14 IST" duration-ms="152">
      <class name="TestClasses.DuplicateClass">
        <test-method is-config="true" signature="beforeSuite()[pri:0, instance:TestClasses.DuplicateClass@223aa2f7]" started-at="2022-07-24T09:26:14 IST" name="beforeSuite" finished-at="2022-07-24T09:26:14 IST" duration-ms="12" status="PASS">
          <reporter-output>
          </reporter-output>
        </test-method> <!-- beforeSuite -->
        <test-method is-config="true" signature="beforetest()[pri:0, instance:TestClasses.DuplicateClass@223aa2f7]" started-at="2022-07-24T09:26:14 IST" name="beforetest" finished-at="2022-07-24T09:26:14 IST" duration-ms="1" status="PASS">
          <reporter-output>
          </reporter-output>
        </test-method> <!-- beforetest -->
        <test-method is-config="true" signature="beforeClass()[pri:0, instance:TestClasses.DuplicateClass@223aa2f7]" started-at="2022-07-24T09:26:14 IST" name="beforeClass" finished-at="2022-07-24T09:26:14 IST" duration-ms="1" status="PASS">
          <reporter-output>
          </reporter-output>
        </test-method> <!-- beforeClass -->
        <test-method signature="testA()[pri:0, instance:TestClasses.DuplicateClass@223aa2f7]" started-at="2022-07-24T09:26:14 IST" name="testA" finished-at="2022-07-24T09:26:14 IST" duration-ms="2" status="PASS">
          <reporter-output>
          </reporter-output>
        </test-method> <!-- testA -->
        <test-method is-config="true" signature="beforeMethod()[pri:0, instance:TestClasses.DuplicateClass@223aa2f7]" started-at="2022-07-24T09:26:14 IST" name="beforeMethod" finished-at="2022-07-24T09:26:14 IST" duration-ms="0" status="PASS">
          <reporter-output>
          </reporter-output>
        </test-method> <!-- beforeMethod -->
        <test-method is-config="true" signature="logout()[pri:0, instance:TestClasses.DuplicateClass@223aa2f7]" started-at="2022-07-24T09:26:14 IST" name="logout" finished-at="2022-07-24T09:26:14 IST" duration-ms="1" status="PASS">
          <reporter-output>
          </reporter-output>
        </test-method> <!-- logout -->
        <test-method is-config="true" signature="beforeMethod()[pri:0, instance:TestClasses.DuplicateClass@223aa2f7]" started-at="2022-07-24T09:26:14 IST" name="beforeMethod" finished-at="2022-07-24T09:26:14 IST" duration-ms="1" status="PASS">
          <reporter-output>
          </reporter-output>
        </test-method> <!-- beforeMethod -->
        <test-method signature="testB()[pri:0, instance:TestClasses.DuplicateClass@223aa2f7]" started-at="2022-07-24T09:26:14 IST" name="testB" finished-at="2022-07-24T09:26:14 IST" duration-ms="4" status="PASS">
          <reporter-output>
          </reporter-output>
        </test-method> <!-- testB -->
        <test-method is-config="true" signature="logout()[pri:0, instance:TestClasses.DuplicateClass@223aa2f7]" started-at="2022-07-24T09:26:14 IST" name="logout" finished-at="2022-07-24T09:26:14 IST" duration-ms="0" status="PASS">
          <reporter-output>
          </reporter-output>
        </test-method> <!-- logout -->
        <test-method is-config="true" signature="closedBrowser()[pri:0, instance:TestClasses.DuplicateClass@223aa2f7]" started-at="2022-07-24T09:26:14 IST" name="closedBrowser" finished-at="2022-07-24T09:26:14 IST" duration-ms="0" status="PASS">
          <reporter-output>
          </reporter-output>
        </test-method> <!-- closedBrowser -->
        <test-method is-config="true" signature="aftertest()[pri:0, instance:TestClasses.DuplicateClass@223aa2f7]" started-at="2022-07-24T09:26:14 IST" name="aftertest" finished-at="2022-07-24T09:26:14 IST" duration-ms="1" status="PASS">
          <reporter-output>
          </reporter-output>
        </test-method> <!-- aftertest -->
        <test-method is-config="true" signature="afterSuite()[pri:0, instance:TestClasses.DuplicateClass@223aa2f7]" started-at="2022-07-24T09:26:15 IST" name="afterSuite" finished-at="2022-07-24T09:26:15 IST" duration-ms="1" status="PASS">
          <reporter-output>
          </reporter-output>
        </test-method> <!-- afterSuite -->
      </class> <!-- TestClasses.DuplicateClass -->
      <class name="TestClasses.ToVerifyfb">
        <test-method is-config="true" signature="beforeSuite()[pri:0, instance:TestClasses.ToVerifyfb@2dde1bff]" started-at="2022-07-24T09:26:14 IST" name="beforeSuite" finished-at="2022-07-24T09:26:14 IST" duration-ms="0" status="PASS">
          <reporter-output>
          </reporter-output>
        </test-method> <!-- beforeSuite -->
        <test-method is-config="true" signature="beforetest()[pri:0, instance:TestClasses.ToVerifyfb@2dde1bff]" started-at="2022-07-24T09:26:14 IST" name="beforetest" finished-at="2022-07-24T09:26:14 IST" duration-ms="0" status="PASS">
          <reporter-output>
          </reporter-output>
        </test-method> <!-- beforetest -->
        <test-method is-config="true" signature="beforeClass()[pri:0, instance:TestClasses.ToVerifyfb@2dde1bff]" started-at="2022-07-24T09:26:14 IST" name="beforeClass" finished-at="2022-07-24T09:26:14 IST" duration-ms="0" status="PASS">
          <reporter-output>
          </reporter-output>
        </test-method> <!-- beforeClass -->
        <test-method is-config="true" signature="beforeMethod()[pri:0, instance:TestClasses.ToVerifyfb@2dde1bff]" started-at="2022-07-24T09:26:14 IST" name="beforeMethod" finished-at="2022-07-24T09:26:14 IST" duration-ms="0" status="PASS">
          <reporter-output>
          </reporter-output>
        </test-method> <!-- beforeMethod -->
        <test-method signature="testA()[pri:0, instance:TestClasses.ToVerifyfb@2dde1bff]" started-at="2022-07-24T09:26:14 IST" name="testA" finished-at="2022-07-24T09:26:14 IST" duration-ms="10" status="PASS">
          <reporter-output>
          </reporter-output>
        </test-method> <!-- testA -->
        <test-method is-config="true" signature="logout()[pri:0, instance:TestClasses.ToVerifyfb@2dde1bff]" started-at="2022-07-24T09:26:14 IST" name="logout" finished-at="2022-07-24T09:26:14 IST" duration-ms="3" status="PASS">
          <reporter-output>
          </reporter-output>
        </test-method> <!-- logout -->
        <test-method is-config="true" signature="beforeMethod()[pri:0, instance:TestClasses.ToVerifyfb@2dde1bff]" started-at="2022-07-24T09:26:14 IST" name="beforeMethod" finished-at="2022-07-24T09:26:14 IST" duration-ms="1" status="PASS">
          <reporter-output>
          </reporter-output>
        </test-method> <!-- beforeMethod -->
        <test-method signature="testB()[pri:0, instance:TestClasses.ToVerifyfb@2dde1bff]" started-at="2022-07-24T09:26:14 IST" name="testB" finished-at="2022-07-24T09:26:14 IST" duration-ms="5" status="PASS">
          <reporter-output>
          </reporter-output>
        </test-method> <!-- testB -->
        <test-method is-config="true" signature="logout()[pri:0, instance:TestClasses.ToVerifyfb@2dde1bff]" started-at="2022-07-24T09:26:14 IST" name="logout" finished-at="2022-07-24T09:26:14 IST" duration-ms="2" status="PASS">
          <reporter-output>
          </reporter-output>
        </test-method> <!-- logout -->
        <test-method is-config="true" signature="closedBrowser()[pri:0, instance:TestClasses.ToVerifyfb@2dde1bff]" started-at="2022-07-24T09:26:14 IST" name="closedBrowser" finished-at="2022-07-24T09:26:14 IST" duration-ms="2" status="PASS">
          <reporter-output>
          </reporter-output>
        </test-method> <!-- closedBrowser -->
        <test-method is-config="true" signature="aftertest()[pri:0, instance:TestClasses.ToVerifyfb@2dde1bff]" started-at="2022-07-24T09:26:14 IST" name="aftertest" finished-at="2022-07-24T09:26:14 IST" duration-ms="0" status="PASS">
          <reporter-output>
          </reporter-output>
        </test-method> <!-- aftertest -->
        <test-method is-config="true" signature="afterSuite()[pri:0, instance:TestClasses.ToVerifyfb@2dde1bff]" started-at="2022-07-24T09:26:15 IST" name="afterSuite" finished-at="2022-07-24T09:26:15 IST" duration-ms="1" status="PASS">
          <reporter-output>
          </reporter-output>
        </test-method> <!-- afterSuite -->
      </class> <!-- TestClasses.ToVerifyfb -->
    </test> <!-- Test -->
  </suite> <!-- Suite -->
</testng-results>
